<?xml version="1.0" encoding="UTF-8"?>
<!-- Generated by org.testng.reporters.JUnitXMLReporter -->
<testsuite hostname="SARATH" ignored="0" name="Test3" tests="15" failures="0" timestamp="28 Jul 2021 12:47:31 GMT" time="0.342" errors="0">
  <testcase name="tc11" time="0.038" classname="org.login.Test1"/>
  <testcase name="tc21" time="0.022" classname="org.login.Test1"/>
  <testcase name="tc31" time="0.004" classname="org.login.Test1"/>
  <testcase name="tc41" time="0.003" classname="org.login.Test1"/>
  <testcase name="tc51" time="0.004" classname="org.login.Test1"/>
  <testcase name="tc11" time="0.002" classname="org.login.Test2"/>
  <testcase name="tc21" time="0.001" classname="org.login.Test2"/>
  <testcase name="tc31" time="0.008" classname="org.login.Test2"/>
  <testcase name="tc41" time="0.011" classname="org.login.Test2"/>
  <testcase name="tc51" time="0.018" classname="org.login.Test2"/>
  <testcase name="tc11" time="0.019" classname="org.login.Test3"/>
  <testcase name="tc21" time="0.011" classname="org.login.Test3"/>
  <testcase name="tc31" time="0.005" classname="org.login.Test3"/>
  <testcase name="tc41" time="0.006" classname="org.login.Test3"/>
  <testcase name="tc51" time="0.003" classname="org.login.Test3"/>
</testsuite> <!-- Test3 -->
