<?xml version="1.0" encoding="UTF-8"?>
<!-- Generated by org.testng.reporters.JUnitXMLReporter -->
<testsuite hostname="SARATH" ignored="0" name="Test2" tests="15" failures="0" timestamp="28 Jul 2021 12:47:31 GMT" time="0.406" errors="0">
  <testcase name="tc11" time="0.037" classname="org.login.Test1"/>
  <testcase name="tc21" time="0.02" classname="org.login.Test1"/>
  <testcase name="tc31" time="0.007" classname="org.login.Test1"/>
  <testcase name="tc41" time="0.004" classname="org.login.Test1"/>
  <testcase name="tc51" time="0.002" classname="org.login.Test1"/>
  <testcase name="tc11" time="0.002" classname="org.login.Test2"/>
  <testcase name="tc21" time="0.007" classname="org.login.Test2"/>
  <testcase name="tc31" time="0.006" classname="org.login.Test2"/>
  <testcase name="tc41" time="0.007" classname="org.login.Test2"/>
  <testcase name="tc51" time="0.016" classname="org.login.Test2"/>
  <testcase name="tc11" time="0.003" classname="org.login.Test3"/>
  <testcase name="tc21" time="0.067" classname="org.login.Test3"/>
  <testcase name="tc31" time="0.004" classname="org.login.Test3"/>
  <testcase name="tc41" time="0.001" classname="org.login.Test3"/>
  <testcase name="tc51" time="0.009" classname="org.login.Test3"/>
</testsuite> <!-- Test2 -->
