<?xml version="1.0" encoding="UTF-8"?>
<!-- Generated by org.testng.reporters.JUnitXMLReporter -->
<testsuite hostname="SARATH" ignored="4" name="Test" tests="2" failures="0" timestamp="29 Jul 2021 06:58:48 GMT" time="0.084" errors="0">
  <testcase name="tc51" time="0.03" classname="org.login.Test1"/>
  <testcase name="tc61" time="0.003" classname="org.login.Test1"/>
  <testcase name="tc21" time="0.0" classname="org.login.Test1">
    <ignored/>
  </testcase> <!-- tc21 -->
  <testcase name="tc31" time="0.0" classname="org.login.Test1">
    <ignored/>
  </testcase> <!-- tc31 -->
  <testcase name="tc41" time="0.0" classname="org.login.Test1">
    <ignored/>
  </testcase> <!-- tc41 -->
  <testcase name="tc11" time="0.0" classname="org.login.Test1">
    <ignored/>
  </testcase> <!-- tc11 -->
</testsuite> <!-- Test -->
